2021-12-24 15:10:03.697 |-INFO  [main] org.apache.dubbo.common.logger.LoggerFactory -| using logger: org.apache.dubbo.common.logger.slf4j.Slf4jLoggerAdapter
2021-12-24 15:10:03.708 |-INFO  [main] org.apache.dubbo.spring.boot.context.event.WelcomeLogoApplicationListener -| 

 :: Dubbo Spring Boot (v2.7.1) : https://github.com/apache/incubator-dubbo-spring-boot-project
 :: Dubbo (v2.7.1) : https://github.com/apache/incubator-dubbo
 :: Discuss group : dev@dubbo.apache.org

2021-12-24 15:10:03.711 |-INFO  [main] org.apache.dubbo.spring.boot.context.event.OverrideDubboConfigApplicationListener -| Dubbo Config was overridden by externalized configuration {dubbo.application.qos-enable=false, dubbo.config.multiple=true}
2021-12-24 15:10:03.868 |-INFO  [main] com.inzyme.spatiotemporal.web.ai.AiApplication -| Starting AiApplication on DESKTOP-67NDCFF with PID 16948 (D:\AI_pig\AIzhu\spatiotemporal-web-ai\target\classes started by 86132 in D:\AI_pig\AIzhu\spatiotemporal-web-ai)
2021-12-24 15:10:03.868 |-DEBUG [main] com.inzyme.spatiotemporal.web.ai.AiApplication -| Running with Spring Boot v2.1.3.RELEASE, Spring v5.1.5.RELEASE
2021-12-24 15:10:03.869 |-INFO  [main] com.inzyme.spatiotemporal.web.ai.AiApplication -| The following profiles are active: dev
2021-12-24 15:10:05.281 |-INFO  [main] org.apache.dubbo.config.spring.context.annotation.DubboConfigBindingRegistrar -| The dubbo config bean definition [name : org.apache.dubbo.config.ApplicationConfig#0, class : org.apache.dubbo.config.ApplicationConfig] has been registered.
2021-12-24 15:10:05.282 |-INFO  [main] org.apache.dubbo.config.spring.context.annotation.DubboConfigBindingRegistrar -| The BeanPostProcessor bean definition [org.apache.dubbo.config.spring.beans.factory.annotation.DubboConfigBindingBeanPostProcessor] for dubbo config bean [name : org.apache.dubbo.config.ApplicationConfig#0] has been registered.
2021-12-24 15:10:07.803 |-INFO  [main] org.apache.coyote.http11.Http11NioProtocol -| Initializing ProtocolHandler ["http-nio-9531"]
2021-12-24 15:10:07.988 |-INFO  [main] org.apache.catalina.core.StandardService -| Starting service [Tomcat]
2021-12-24 15:10:07.989 |-INFO  [main] org.apache.catalina.core.StandardEngine -| Starting Servlet engine: [Apache Tomcat/9.0.16]
2021-12-24 15:10:07.998 |-INFO  [main] org.apache.catalina.core.AprLifecycleListener -| The APR based Apache Tomcat Native library which allows optimal performance in production environments was not found on the java.library.path: [D:\Program Files\Java\jdk1.8.0_131\bin;C:\WINDOWS\Sun\Java\bin;C:\WINDOWS\system32;C:\WINDOWS;C:\ProgramData\Oracle\Java\javapath;D:\Program Files\Java\jdk1.8.0_131\bin;D:\apache-maven-3.6.1\bin;C:\Program Files\MySQL\MySQL Server 8.0\bin;D:\Program Files\erl-23.3.4\bin;C:\Program Files (x86)\Common Files\Intel\Shared Libraries\redist\intel64_win\compiler;C:\Windows\system32;C:\Windows;C:\Windows\System32\Wbem;C:\Windows\System32\WindowsPowerShell\v1.0\;C:\Windows\System32\OpenSSH\;C:\Program Files (x86)\NVIDIA Corporation\PhysX\Common;C:\Program Files (x86)\Intel\Intel(R) Management Engine Components\DAL;C:\Program Files\Intel\Intel(R) Management Engine Components\DAL;C:\Program Files\Intel\WiFi\bin\;C:\Program Files\Common Files\Intel\WirelessCommon\;C:\Program Files\NVIDIA Corporation\NVIDIA NvDLISR;C:\WINDOWS\system32;C:\WINDOWS;C:\WINDOWS\System32\Wbem;C:\WINDOWS\System32\WindowsPowerShell\v1.0\;C:\WINDOWS\System32\OpenSSH\;D:\Program Files\OpenVPN\bin;C:\Program Files\MySQL\MySQL Shell 8.0\bin\;C:\Users\86132\AppData\Local\Microsoft\WindowsApps;;.]
2021-12-24 15:10:08.273 |-INFO  [main] org.apache.catalina.core.ContainerBase.[Tomcat].[localhost].[/] -| Initializing Spring embedded WebApplicationContext
2021-12-24 15:10:08.920 |-DEBUG [main] com.inzyme.spatiotemporal.web.core.security.JwtAuthenticationTokenFilter -| Filter 'jwtAuthenticationTokenFilter' configured for use
2021-12-24 15:10:09.241 |-INFO  [main] com.zaxxer.hikari.HikariDataSource -| HikariPool-1 - Starting...
2021-12-24 15:10:09.373 |-INFO  [main] com.zaxxer.hikari.HikariDataSource -| HikariPool-1 - Start completed.
2021-12-24 15:10:09.477 |-INFO  [main] org.hibernate.jpa.internal.util.LogHelper -| HHH000204: Processing PersistenceUnitInfo [
	name: default
	...]
2021-12-24 15:10:09.632 |-INFO  [main] org.hibernate.Version -| HHH000412: Hibernate Core {5.3.7.Final}
2021-12-24 15:10:09.635 |-INFO  [main] org.hibernate.cfg.Environment -| HHH000206: hibernate.properties not found
2021-12-24 15:10:10.015 |-INFO  [main] org.hibernate.annotations.common.Version -| HCANN000001: Hibernate Commons Annotations {5.0.4.Final}
2021-12-24 15:10:10.461 |-INFO  [main] org.hibernate.dialect.Dialect -| HHH000400: Using dialect: org.hibernate.dialect.MySQL5Dialect
2021-12-24 15:10:11.978 |-WARN  [main] org.springframework.boot.autoconfigure.orm.jpa.JpaBaseConfiguration$JpaWebConfiguration$JpaWebMvcConfiguration -| spring.jpa.open-in-view is enabled by default. Therefore, database queries may be performed during view rendering. Explicitly configure spring.jpa.open-in-view to disable this warning
2021-12-24 15:10:12.646 |-INFO  [main] springfox.documentation.spring.web.PropertySourcedRequestMappingHandlerMapping -| Mapped URL path [/v2/api-docs] onto method [public org.springframework.http.ResponseEntity<springfox.documentation.spring.web.json.Json> springfox.documentation.swagger2.web.Swagger2Controller.getDocumentation(java.lang.String,javax.servlet.http.HttpServletRequest)]
2021-12-24 15:10:13.440 |-INFO  [main] org.apache.dubbo.config.spring.beans.factory.annotation.DubboConfigBindingBeanPostProcessor -| The properties of bean [name : org.apache.dubbo.config.ApplicationConfig#0] have been binding by prefix of configuration properties : dubbo.application
2021-12-24 15:10:14.657 |-INFO  [main] springfox.documentation.spring.web.plugins.DocumentationPluginsBootstrapper -| Context refreshed
2021-12-24 15:10:14.707 |-INFO  [main] springfox.documentation.spring.web.plugins.DocumentationPluginsBootstrapper -| Found 1 custom documentation plugin(s)
2021-12-24 15:10:14.784 |-INFO  [main] springfox.documentation.spring.web.scanners.ApiListingReferenceScanner -| Scanning for api listing references
2021-12-24 15:10:15.202 |-INFO  [main] org.apache.coyote.http11.Http11NioProtocol -| Starting ProtocolHandler ["http-nio-9531"]
2021-12-24 15:10:15.230 |-INFO  [main] com.inzyme.spatiotemporal.web.ai.AiApplication -| Started AiApplication in 12.026 seconds (JVM running for 14.642)
2021-12-24 15:10:15.233 |-INFO  [main] com.inzyme.spatiotemporal.web.ai.AiApplication -| 启动成功! Swagger2: http://127.0.0.1:9531/swagger-ui.html
2021-12-24 15:11:03.983 |-INFO  [http-nio-9531-exec-4] org.apache.catalina.core.ContainerBase.[Tomcat].[localhost].[/] -| Initializing Spring DispatcherServlet 'dispatcherServlet'
2021-12-24 15:11:04.572 |-INFO  [http-nio-9531-exec-4] io.lettuce.core.EpollProvider -| Starting without optional epoll library
2021-12-24 15:11:04.591 |-INFO  [http-nio-9531-exec-4] io.lettuce.core.KqueueProvider -| Starting without optional kqueue library
2021-12-24 15:11:09.409 |-INFO  [http-nio-9531-exec-4] com.inzyme.spatiotemporal.web.ai.util.HttpUtil -| [POST] result:{'log_id': 227155620323635831, 'results': [{'name': 'pig', 'score': 0.94513196, 'location': {'left': 119, 'top': 143, 'width': 143, 'height': 87}}, {'name': 'pig', 'score': 0.93260807, 'location': {'left': 84, 'top': 195, 'width': 211, 'height': 146}}, {'name': 'pig', 'score': 0.84242773, 'location': {'left': 179, 'top': 235, 'width': 193, 'height': 136}}, {'name': 'pig', 'score': 0.77764964, 'location': {'left': 298, 'top': 145, 'width': 50, 'height': 69}}, {'name': 'pig', 'score': 0.74905956, 'location': {'left': 477, 'top': 248, 'width': 148, 'height': 87}}]}
2021-12-24 15:11:09.594 |-WARN  [http-nio-9531-exec-4] it.geosolutions.imageio.gdalframework -| Failed to load the GDAL native libs. This is not a problem unless you need to use the GDAL plugins: they won't be enabled.
java.lang.UnsatisfiedLinkError: no gdaljni in java.library.path
2021-12-24 15:11:09.792 |-INFO  [http-nio-9531-exec-4] com.inzyme.spatiotemporal.web.ai.service.impl.AipServiceImpl -| 原图中发现 pig ，其外接矩形长：143px， 宽：87px.
2021-12-24 15:11:10.567 |-INFO  [http-nio-9531-exec-4] com.inzyme.spatiotemporal.web.ai.service.impl.AipServiceImpl -| 原图中发现 pig ，其外接矩形长：211px， 宽：146px.
2021-12-24 15:11:10.567 |-INFO  [http-nio-9531-exec-4] com.inzyme.spatiotemporal.web.ai.service.impl.AipServiceImpl -| 原图中发现 pig ，其外接矩形长：193px， 宽：136px.
2021-12-24 15:11:10.567 |-INFO  [http-nio-9531-exec-4] com.inzyme.spatiotemporal.web.ai.service.impl.AipServiceImpl -| 原图中发现 pig ，其外接矩形长：50px， 宽：69px.
2021-12-24 15:11:10.567 |-INFO  [http-nio-9531-exec-4] com.inzyme.spatiotemporal.web.ai.service.impl.AipServiceImpl -| 原图中发现 pig ，其外接矩形长：148px， 宽：87px.
2021-12-24 15:11:10.594 |-INFO  [http-nio-9531-exec-4] com.inzyme.spatiotemporal.web.ai.service.impl.AipServiceImpl -| 用于检查的外接矩形图已生到 c:\portal\ai\f7f53f7c-0fd2-45ee-8fde-53a333292809_cntverify.jpg ，请查看。
2021-12-24 15:11:10.594 |-INFO  [http-nio-9531-exec-4] com.inzyme.spatiotemporal.web.ai.service.impl.AipServiceImpl -| 智能点数（猪）完成，共计 5 头。
